<?xml version="1.0" encoding="UTF-8"?>
<!-- Generated by org.testng.reporters.JUnitReportReporter -->
<testsuite skipped="0" hostname="Laptop_1-PC" name="il.co.yad2.auto.tests.AmazonTests" tests="1" failures="0" timestamp="08 Apr 2019 21:11:20 GMT" time="62.955" errors="0">
  <testcase name="_002_loginToYad2" time="62.955" classname="il.co.yad2.auto.tests.AmazonTests"/>
</testsuite> <!-- il.co.yad2.auto.tests.AmazonTests -->
